<?xml version="1.0" encoding="UTF-8"?>
<!-- Generated by org.testng.reporters.JUnitXMLReporter -->
<testsuite hostname="TRNROOM10-03" ignored="0" name="Default test" tests="3" failures="0" timestamp="26 Nov 2018 11:21:24 GMT" time="0.046" errors="0">
  <testcase name="testCase1" time="0.01" classname="com.testAnnotations.Param_DataProvider"/>
  <testcase name="testCase1" time="0.002" classname="com.testAnnotations.Param_DataProvider"/>
  <testcase name="testCase1" time="0.003" classname="com.testAnnotations.Param_DataProvider"/>
</testsuite> <!-- Default test -->
