<?xml version="1.0" encoding="UTF-8"?>
<!-- Generated by org.testng.reporters.JUnitXMLReporter -->
<testsuite hostname="TRNROOM10-03" ignored="0" name="Test" tests="21" failures="2" timestamp="26 Nov 2018 11:36:07 GMT" time="0.585" errors="0">
  <testcase name="workwithExcel" time="0.458" classname="com.testAnnotations.WorkWithExcel"/>
  <testcase name="testCase1" time="0.007" classname="com.testAnnotations.SoftAssert_FailMethod">
    <failure type="java.lang.AssertionError" message="The following asserts failed:
	String not Match">
      <![CDATA[java.lang.AssertionError: The following asserts failed:
String not Match
at com.testAnnotations.SoftAssert_FailMethod.testCase1(SoftAssert_FailMethod.java:19)
... Removed 26 stack frames]]>
    </failure>
  </testcase> <!-- testCase1 -->
  <testcase name="testCase1" time="0.004" classname="com.testAnnotations.SoftAssertExample">
    <failure type="java.lang.AssertionError" message="The following asserts failed:
	expected [10] but found [12],
	expected [Poona] but found [Pune]">
      <![CDATA[java.lang.AssertionError: The following asserts failed:
expected [10] but found [12],
expected [Poona] but found [Pune]
at com.testAnnotations.SoftAssertExample.testCase1(SoftAssertExample.java:19)
... Removed 26 stack frames]]>
    </failure>
  </testcase> <!-- testCase1 -->
  <testcase name="testCase1" time="0.001" classname="com.testAnnotations.Param_ExcelDataProvider"/>
  <testcase name="testCase1" time="0.001" classname="com.testAnnotations.Param_ExcelDataProvider"/>
  <testcase name="testCase1" time="0.001" classname="com.testAnnotations.Param_ExcelDataProvider"/>
  <testcase name="testCase1" time="0.001" classname="com.testAnnotations.Param_ExcelDataProvider"/>
  <testcase name="testCase1" time="0.003" classname="com.testAnnotations.Param_ExcelDataProvider"/>
  <testcase name="testCase1" time="0.001" classname="com.testAnnotations.Param_ExcelDataProvider"/>
  <testcase name="testCase1" time="0.002" classname="com.testAnnotations.Param_ExcelDataProvider"/>
  <testcase name="testCase1" time="0.001" classname="com.testAnnotations.Param_ExcelDataProvider"/>
  <testcase name="testCase1" time="0.001" classname="com.testAnnotations.Param_ExcelDataProvider"/>
  <testcase name="testCase1" time="0.001" classname="com.testAnnotations.Param_ExcelDataProvider"/>
  <testcase name="testCase1" time="0.002" classname="com.testAnnotations.Param_ExcelDataProvider"/>
  <testcase name="testCase1" time="0.001" classname="com.testAnnotations.Param_ExcelDataProvider"/>
  <testcase name="testCase1" time="0.001" classname="com.testAnnotations.Param_ExcelDataProvider"/>
  <testcase name="testCase1" time="0.001" classname="com.testAnnotations.Param_ExcelDataProvider"/>
  <testcase name="testCase1" time="0.001" classname="com.testAnnotations.Param_ExcelDataProvider"/>
  <testcase name="testCase1" time="0.001" classname="com.testAnnotations.Param_ExcelDataProvider"/>
  <testcase name="testCase1" time="0.001" classname="com.testAnnotations.HardAsserExample"/>
  <testcase name="login" time="0.001" classname="com.testAnnotations.DependencyExample"/>
</testsuite> <!-- Test -->
